**********************************
2016-35-29-18-35-02
Server Open Successfully
IP:169.254.92.116
Port:8888

**********************************
**********************************
2016-35-29-18-35-05
Server closed Successfully
**********************************
**********************************
2016-35-29-18-35-08
No Server found
**********************************
**********************************
2016-35-29-18-35-08
Server Open Successfully
IP:169.254.92.116
Port:8888

**********************************

